The target system is: Emscripten - 1 - x86
The host system is: Linux - 5.8.0-50-generic - x86_64
Performing C SOURCE FILE Test CMAKE_HAVE_LIBC_PTHREAD succeeded with the following output:
Change Dir: /home/daniel/Desktop/emscriptenProjects/emsdk/ptam-projects/ptam_plus/thorsten/ptam_plus/CMakeFiles/CMakeTmp

Run Build Command(s):/usr/bin/make cmTC_d6538/fast && /usr/bin/make -f CMakeFiles/cmTC_d6538.dir/build.make CMakeFiles/cmTC_d6538.dir/build
make[1]: Entering directory '/home/daniel/Desktop/emscriptenProjects/emsdk/ptam-projects/ptam_plus/thorsten/ptam_plus/CMakeFiles/CMakeTmp'
Building C object CMakeFiles/cmTC_d6538.dir/src.c.o
/home/daniel/Desktop/emscriptenProjects/emsdk/upstream/emscripten/emcc   -DCMAKE_HAVE_LIBC_PTHREAD   -o CMakeFiles/cmTC_d6538.dir/src.c.o   -c /home/daniel/Desktop/emscriptenProjects/emsdk/ptam-projects/ptam_plus/thorsten/ptam_plus/CMakeFiles/CMakeTmp/src.c
Linking C executable cmTC_d6538.js
/usr/bin/cmake -E cmake_link_script CMakeFiles/cmTC_d6538.dir/link.txt --verbose=1
/home/daniel/Desktop/emscriptenProjects/emsdk/upstream/emscripten/emcc  -DCMAKE_HAVE_LIBC_PTHREAD    @CMakeFiles/cmTC_d6538.dir/objects1.rsp  -o cmTC_d6538.js 
make[1]: Leaving directory '/home/daniel/Desktop/emscriptenProjects/emsdk/ptam-projects/ptam_plus/thorsten/ptam_plus/CMakeFiles/CMakeTmp'


Source file was:
#include <pthread.h>

void* test_func(void* data)
{
  return data;
}

int main(void)
{
  pthread_t thread;
  pthread_create(&thread, NULL, test_func, NULL);
  pthread_detach(thread);
  pthread_join(thread, NULL);
  pthread_atfork(NULL, NULL, NULL);
  pthread_exit(NULL);

  return 0;
}

Determining if the glob exist passed with the following output:
Change Dir: /home/daniel/Desktop/emscriptenProjects/emsdk/ptam-projects/ptam_plus/thorsten/ptam_plus/CMakeFiles/CMakeTmp

Run Build Command(s):/usr/bin/make cmTC_5008e/fast && /usr/bin/make -f CMakeFiles/cmTC_5008e.dir/build.make CMakeFiles/cmTC_5008e.dir/build
make[1]: Entering directory '/home/daniel/Desktop/emscriptenProjects/emsdk/ptam-projects/ptam_plus/thorsten/ptam_plus/CMakeFiles/CMakeTmp'
Building C object CMakeFiles/cmTC_5008e.dir/CheckSymbolExists.c.o
/home/daniel/Desktop/emscriptenProjects/emsdk/upstream/emscripten/emcc    -o CMakeFiles/cmTC_5008e.dir/CheckSymbolExists.c.o   -c /home/daniel/Desktop/emscriptenProjects/emsdk/ptam-projects/ptam_plus/thorsten/ptam_plus/CMakeFiles/CMakeTmp/CheckSymbolExists.c
Linking C executable cmTC_5008e.js
/usr/bin/cmake -E cmake_link_script CMakeFiles/cmTC_5008e.dir/link.txt --verbose=1
/home/daniel/Desktop/emscriptenProjects/emsdk/upstream/emscripten/emcc      @CMakeFiles/cmTC_5008e.dir/objects1.rsp  -o cmTC_5008e.js 
make[1]: Leaving directory '/home/daniel/Desktop/emscriptenProjects/emsdk/ptam-projects/ptam_plus/thorsten/ptam_plus/CMakeFiles/CMakeTmp'


File /home/daniel/Desktop/emscriptenProjects/emsdk/ptam-projects/ptam_plus/thorsten/ptam_plus/CMakeFiles/CMakeTmp/CheckSymbolExists.c:
/* */
#include <glob.h>

int main(int argc, char** argv)
{
  (void)argv;
#ifndef glob
  return ((int*)(&glob))[argc];
#else
  (void)argc;
  return 0;
#endif
}
